housemanager/build/app/intermediates/manifest_merge_blame_file/debug/manifest-merger-blame-debug-report.txt
1<?xml version="1.0" encoding="utf-8"?>
2<manifest xmlns:android="http://schemas.android.com/apk/res/android"
3    package="com.example.housemanager"
4    android:versionCode="1"
5    android:versionName="1.0.0" >
6
7    <uses-sdk
8        android:minSdkVersion="21"
9        android:targetSdkVersion="30" />
10    <!--
11         Flutter needs it to communicate with the running application
12         to allow setting breakpoints, to provide hot reload, etc.
13    -->
14    <uses-permission android:name="android.permission.INTERNET" />
14-->src\main\AndroidManifest.xml:3:5-67
14-->src\main\AndroidManifest.xml:3:22-64
15    <uses-permission android:name="android.permission.WAKE_LOCK" />
15-->[:firebase_messaging] AndroidManifest.xml:8:5-68
15-->[:firebase_messaging] AndroidManifest.xml:8:22-65
16    <uses-permission android:name="android.permission.ACCESS_NETWORK_STATE" />
16-->[:firebase_messaging] AndroidManifest.xml:9:5-79
16-->[:firebase_messaging] AndroidManifest.xml:9:22-76
17    <uses-permission android:name="android.permission.RECEIVE_BOOT_COMPLETED" />
17-->[:flutter_local_notifications] AndroidManifest.xml:7:5-81
17-->[:flutter_local_notifications] AndroidManifest.xml:7:22-78
18    <uses-permission android:name="android.permission.VIBRATE" />
18-->[:flutter_local_notifications] AndroidManifest.xml:8:5-66
18-->[:flutter_local_notifications] AndroidManifest.xml:8:22-63
19    <uses-permission android:name="android.permission.USE_FULL_SCREEN_INTENT" />
19-->[:flutter_local_notifications] AndroidManifest.xml:9:5-81
19-->[:flutter_local_notifications] AndroidManifest.xml:9:22-78
20    <uses-permission android:name="android.permission.SCHEDULE_EXACT_ALARM" /> <!-- Required by older versions of Google Play services to create IID tokens -->
20-->[:flutter_local_notifications] AndroidManifest.xml:10:5-79
20-->[:flutter_local_notifications] AndroidManifest.xml:10:22-76
21    <uses-permission android:name="com.google.android.c2dm.permission.RECEIVE" />
21-->[com.google.firebase:firebase-messaging:23.0.0] AndroidManifest.xml:25:5-82
21-->[com.google.firebase:firebase-messaging:23.0.0] AndroidManifest.xml:25:22-79
22    <uses-permission android:name="com.google.android.finsky.permission.BIND_GET_INSTALL_REFERRER_SERVICE" /> <!-- Include required permissions for Advertising Id -->
22-->[com.google.android.gms:play-services-measurement:20.0.2] AndroidManifest.xml:26:5-110
22-->[com.google.android.gms:play-services-measurement:20.0.2] AndroidManifest.xml:26:22-107
23    <uses-permission android:name="com.google.android.gms.permission.AD_ID" />
23-->[com.google.android.gms:play-services-ads-identifier:18.0.0] AndroidManifest.xml:23:5-79
23-->[com.google.android.gms:play-services-ads-identifier:18.0.0] AndroidManifest.xml:23:22-76
24
25    <application
25-->src\main\AndroidManifest.xml:5:4-39:19
26        android:appComponentFactory="androidx.core.app.CoreComponentFactory"
26-->[androidx.core:core:1.6.0] AndroidManifest.xml:24:18-86
27        android:debuggable="true"
28        android:icon="@mipmap/ic_launcher"
28-->src\main\AndroidManifest.xml:7:9-43
29        android:label="housemanager" >
29-->src\main\AndroidManifest.xml:6:9-37
30        <activity
30-->src\main\AndroidManifest.xml:8:9-29:20
31            android:name="com.example.housemanager.MainActivity"
31-->src\main\AndroidManifest.xml:9:13-41
32            android:configChanges="orientation|keyboardHidden|keyboard|screenSize|smallestScreenSize|locale|layoutDirection|fontScale|screenLayout|density|uiMode"
32-->src\main\AndroidManifest.xml:12:13-163
33            android:hardwareAccelerated="true"
33-->src\main\AndroidManifest.xml:13:13-47
34            android:launchMode="singleTop"
34-->src\main\AndroidManifest.xml:10:13-43
35            android:theme="@style/LaunchTheme"
35-->src\main\AndroidManifest.xml:11:13-47
36            android:windowSoftInputMode="adjustResize" >
36-->src\main\AndroidManifest.xml:14:13-55
37
38            <!--
39                 Specifies an Android theme to apply to this Activity as soon as
40                 the Android process has started. This theme is visible to the user
41                 while the Flutter UI initializes. After that, this theme continues
42                 to determine the Window background behind the Flutter UI.
43            -->
44            <meta-data
44-->src\main\AndroidManifest.xml:19:13-22:17
45                android:name="io.flutter.embedding.android.NormalTheme"
45-->src\main\AndroidManifest.xml:20:15-70
46                android:resource="@style/NormalTheme" />
46-->src\main\AndroidManifest.xml:21:15-52
47            <!-- notivications -->
48            <intent-filter>
48-->src\main\AndroidManifest.xml:24:13-27:29
49                <action android:name="android.intent.action.MAIN" />
49-->src\main\AndroidManifest.xml:25:17-69
49-->src\main\AndroidManifest.xml:25:25-66
50
51                <category android:name="android.intent.category.LAUNCHER" />
51-->src\main\AndroidManifest.xml:26:17-76
51-->src\main\AndroidManifest.xml:26:27-74
52            </intent-filter>
53        </activity>
54        <!--
55             Don't delete the meta-data below.
56             This is used by the Flutter tool to generate GeneratedPluginRegistrant.java
57        -->
58        <meta-data
58-->src\main\AndroidManifest.xml:32:9-34:33
59            android:name="flutterEmbedding"
59-->src\main\AndroidManifest.xml:33:13-44
60            android:value="2" />
60-->src\main\AndroidManifest.xml:34:13-30
61        <meta-data
61-->src\main\AndroidManifest.xml:35:9-38:11
62            android:name="com.google.firebase.messaging.default_notification_channel_id"
62-->src\main\AndroidManifest.xml:36:9-85
63            android:value="mychannel" />
63-->src\main\AndroidManifest.xml:37:9-35
64
65        <service
65-->[:firebase_auth] AndroidManifest.xml:8:9-12:19
66            android:name="com.google.firebase.components.ComponentDiscoveryService"
66-->[:firebase_auth] AndroidManifest.xml:8:18-89
67            android:directBootAware="true"
67-->[com.google.firebase:firebase-common:20.0.0] AndroidManifest.xml:35:13-43
68            android:exported="false" >
68-->[com.google.firebase:firebase-messaging:23.0.0] AndroidManifest.xml:51:13-37
69            <meta-data
69-->[:firebase_auth] AndroidManifest.xml:9:13-11:85
70                android:name="com.google.firebase.components:io.flutter.plugins.firebase.auth.FlutterFirebaseAuthRegistrar"
70-->[:firebase_auth] AndroidManifest.xml:10:17-124
71                android:value="com.google.firebase.components.ComponentRegistrar" />
71-->[:firebase_auth] AndroidManifest.xml:11:17-82
72            <meta-data
72-->[:firebase_storage] AndroidManifest.xml:9:13-11:85
73                android:name="com.google.firebase.components:io.flutter.plugins.firebase.storage.FlutterFirebaseAppRegistrar"
73-->[:firebase_storage] AndroidManifest.xml:10:17-126
74                android:value="com.google.firebase.components.ComponentRegistrar" />
74-->[:firebase_storage] AndroidManifest.xml:11:17-82
75            <meta-data
75-->[:cloud_firestore] AndroidManifest.xml:9:13-11:85
76                android:name="com.google.firebase.components:io.flutter.plugins.firebase.firestore.FlutterFirebaseFirestoreRegistrar"
76-->[:cloud_firestore] AndroidManifest.xml:10:17-134
77                android:value="com.google.firebase.components.ComponentRegistrar" />
77-->[:cloud_firestore] AndroidManifest.xml:11:17-82
78            <meta-data
78-->[:firebase_messaging] AndroidManifest.xml:34:13-36:85
79                android:name="com.google.firebase.components:io.flutter.plugins.firebase.messaging.FlutterFirebaseAppRegistrar"
79-->[:firebase_messaging] AndroidManifest.xml:35:17-128
80                android:value="com.google.firebase.components.ComponentRegistrar" />
80-->[:firebase_messaging] AndroidManifest.xml:36:17-82
81            <meta-data
81-->[:firebase_core] AndroidManifest.xml:9:13-11:85
82                android:name="com.google.firebase.components:io.flutter.plugins.firebase.core.FlutterFirebaseCoreRegistrar"
82-->[:firebase_core] AndroidManifest.xml:10:17-124
83                android:value="com.google.firebase.components.ComponentRegistrar" />
83-->[:firebase_core] AndroidManifest.xml:11:17-82
84            <meta-data
84-->[com.google.firebase:firebase-messaging:23.0.0] AndroidManifest.xml:52:13-54:85
85                android:name="com.google.firebase.components:com.google.firebase.messaging.FirebaseMessagingRegistrar"
85-->[com.google.firebase:firebase-messaging:23.0.0] AndroidManifest.xml:53:17-119
86                android:value="com.google.firebase.components.ComponentRegistrar" />
86-->[com.google.firebase:firebase-messaging:23.0.0] AndroidManifest.xml:54:17-82
87            <meta-data
87-->[com.google.firebase:firebase-datatransport:18.0.0] AndroidManifest.xml:28:13-30:85
88                android:name="com.google.firebase.components:com.google.firebase.datatransport.TransportRegistrar"
88-->[com.google.firebase:firebase-datatransport:18.0.0] AndroidManifest.xml:29:17-115
89                android:value="com.google.firebase.components.ComponentRegistrar" />
89-->[com.google.firebase:firebase-datatransport:18.0.0] AndroidManifest.xml:30:17-82
90            <meta-data
90-->[com.google.android.gms:play-services-measurement-api:20.0.2] AndroidManifest.xml:30:13-32:85
91                android:name="com.google.firebase.components:com.google.firebase.analytics.connector.internal.AnalyticsConnectorRegistrar"
91-->[com.google.android.gms:play-services-measurement-api:20.0.2] AndroidManifest.xml:31:17-139
92                android:value="com.google.firebase.components.ComponentRegistrar" />
92-->[com.google.android.gms:play-services-measurement-api:20.0.2] AndroidManifest.xml:32:17-82
93            <meta-data
93-->[com.google.firebase:firebase-installations:17.0.0] AndroidManifest.xml:18:13-20:85
94                android:name="com.google.firebase.components:com.google.firebase.installations.FirebaseInstallationsRegistrar"
94-->[com.google.firebase:firebase-installations:17.0.0] AndroidManifest.xml:19:17-127
95                android:value="com.google.firebase.components.ComponentRegistrar" />
95-->[com.google.firebase:firebase-installations:17.0.0] AndroidManifest.xml:20:17-82
96            <meta-data
96-->[com.google.firebase:firebase-auth:21.0.1] AndroidManifest.xml:77:13-79:85
97                android:name="com.google.firebase.components:com.google.firebase.auth.FirebaseAuthRegistrar"
97-->[com.google.firebase:firebase-auth:21.0.1] AndroidManifest.xml:78:17-109
98                android:value="com.google.firebase.components.ComponentRegistrar" />
98-->[com.google.firebase:firebase-auth:21.0.1] AndroidManifest.xml:79:17-82
99            <meta-data
99-->[com.google.firebase:firebase-firestore:24.0.1] AndroidManifest.xml:20:13-22:85
100                android:name="com.google.firebase.components:com.google.firebase.firestore.FirestoreRegistrar"
100-->[com.google.firebase:firebase-firestore:24.0.1] AndroidManifest.xml:21:17-111
101                android:value="com.google.firebase.components.ComponentRegistrar" />
101-->[com.google.firebase:firebase-firestore:24.0.1] AndroidManifest.xml:22:17-82
102            <meta-data
102-->[com.google.firebase:firebase-storage:20.0.0] AndroidManifest.xml:33:13-35:85
103                android:name="com.google.firebase.components:com.google.firebase.storage.StorageRegistrar"
103-->[com.google.firebase:firebase-storage:20.0.0] AndroidManifest.xml:34:17-107
104                android:value="com.google.firebase.components.ComponentRegistrar" />
104-->[com.google.firebase:firebase-storage:20.0.0] AndroidManifest.xml:35:17-82
105        </service>
106        <service
106-->[:firebase_messaging] AndroidManifest.xml:12:9-15:72
107            android:name="io.flutter.plugins.firebase.messaging.FlutterFirebaseMessagingBackgroundService"
107-->[:firebase_messaging] AndroidManifest.xml:13:13-107
108            android:exported="false"
108-->[:firebase_messaging] AndroidManifest.xml:14:13-37
109            android:permission="android.permission.BIND_JOB_SERVICE" />
109-->[:firebase_messaging] AndroidManifest.xml:15:13-69
110        <service
110-->[:firebase_messaging] AndroidManifest.xml:16:9-22:19
111            android:name="io.flutter.plugins.firebase.messaging.FlutterFirebaseMessagingService"
111-->[:firebase_messaging] AndroidManifest.xml:17:13-97
112            android:exported="false" >
112-->[:firebase_messaging] AndroidManifest.xml:18:13-37
113            <intent-filter>
113-->[:firebase_messaging] AndroidManifest.xml:19:13-21:29
114                <action android:name="com.google.firebase.MESSAGING_EVENT" />
114-->[:firebase_messaging] AndroidManifest.xml:20:17-78
114-->[:firebase_messaging] AndroidManifest.xml:20:25-75
115            </intent-filter>
116        </service>
117
118        <receiver
118-->[:firebase_messaging] AndroidManifest.xml:24:9-31:20
119            android:name="io.flutter.plugins.firebase.messaging.FlutterFirebaseMessagingReceiver"
119-->[:firebase_messaging] AndroidManifest.xml:25:13-98
120            android:exported="true"
120-->[:firebase_messaging] AndroidManifest.xml:26:13-36
121            android:permission="com.google.android.c2dm.permission.SEND" >
121-->[:firebase_messaging] AndroidManifest.xml:27:13-73
122            <intent-filter>
122-->[:firebase_messaging] AndroidManifest.xml:28:13-30:29
123                <action android:name="com.google.android.c2dm.intent.RECEIVE" />
123-->[:firebase_messaging] AndroidManifest.xml:29:17-81
123-->[:firebase_messaging] AndroidManifest.xml:29:25-78
124            </intent-filter>
125        </receiver>
126
127        <provider
127-->[:firebase_messaging] AndroidManifest.xml:39:9-43:38
128            android:name="io.flutter.plugins.firebase.messaging.FlutterFirebaseMessagingInitProvider"
128-->[:firebase_messaging] AndroidManifest.xml:40:13-102
129            android:authorities="com.example.housemanager.flutterfirebasemessaginginitprovider"
129-->[:firebase_messaging] AndroidManifest.xml:41:13-88
130            android:exported="false"
130-->[:firebase_messaging] AndroidManifest.xml:42:13-37
131            android:initOrder="99" />
131-->[:firebase_messaging] AndroidManifest.xml:43:13-35
132        <provider
132-->[:image_picker_android] AndroidManifest.xml:8:9-16:20
133            android:name="io.flutter.plugins.imagepicker.ImagePickerFileProvider"
133-->[:image_picker_android] AndroidManifest.xml:9:13-82
134            android:authorities="com.example.housemanager.flutter.image_provider"
134-->[:image_picker_android] AndroidManifest.xml:10:13-74
135            android:exported="false"
135-->[:image_picker_android] AndroidManifest.xml:11:13-37
136            android:grantUriPermissions="true" >
136-->[:image_picker_android] AndroidManifest.xml:12:13-47
137            <meta-data
137-->[:image_picker_android] AndroidManifest.xml:13:13-15:75
138                android:name="android.support.FILE_PROVIDER_PATHS"
138-->[:image_picker_android] AndroidManifest.xml:14:17-67
139                android:resource="@xml/flutter_image_picker_file_paths" />
139-->[:image_picker_android] AndroidManifest.xml:15:17-72
140        </provider>
141
142        <receiver
142-->[:flutter_local_notifications] AndroidManifest.xml:13:9-15:40
143            android:name="com.dexterous.flutterlocalnotifications.ScheduledNotificationReceiver"
143-->[:flutter_local_notifications] AndroidManifest.xml:14:13-97
144            android:exported="false" />
144-->[:flutter_local_notifications] AndroidManifest.xml:15:13-37
145        <receiver
145-->[:flutter_local_notifications] AndroidManifest.xml:16:9-25:20
146            android:name="com.dexterous.flutterlocalnotifications.ScheduledNotificationBootReceiver"
146-->[:flutter_local_notifications] AndroidManifest.xml:17:13-101
147            android:exported="false" >
147-->[:flutter_local_notifications] AndroidManifest.xml:18:13-37
148            <intent-filter>
148-->[:flutter_local_notifications] AndroidManifest.xml:19:13-24:29
149                <action android:name="android.intent.action.BOOT_COMPLETED" />
149-->[:flutter_local_notifications] AndroidManifest.xml:20:17-79
149-->[:flutter_local_notifications] AndroidManifest.xml:20:25-76
150                <action android:name="android.intent.action.MY_PACKAGE_REPLACED" />
150-->[:flutter_local_notifications] AndroidManifest.xml:21:17-84
150-->[:flutter_local_notifications] AndroidManifest.xml:21:25-81
151                <action android:name="android.intent.action.QUICKBOOT_POWERON" />
151-->[:flutter_local_notifications] AndroidManifest.xml:22:17-82
151-->[:flutter_local_notifications] AndroidManifest.xml:22:25-79
152                <action android:name="com.htc.intent.action.QUICKBOOT_POWERON" />
152-->[:flutter_local_notifications] AndroidManifest.xml:23:17-82
152-->[:flutter_local_notifications] AndroidManifest.xml:23:25-79
153            </intent-filter>
154        </receiver>
155
156        <activity
156-->[:url_launcher_android] AndroidManifest.xml:8:9-11:74
157            android:name="io.flutter.plugins.urllauncher.WebViewActivity"
157-->[:url_launcher_android] AndroidManifest.xml:9:13-74
158            android:exported="false"
158-->[:url_launcher_android] AndroidManifest.xml:10:13-37
159            android:theme="@android:style/Theme.NoTitleBar.Fullscreen" />
159-->[:url_launcher_android] AndroidManifest.xml:11:13-71
160
161        <receiver
161-->[com.google.firebase:firebase-messaging:23.0.0] AndroidManifest.xml:28:9-35:20
162            android:name="com.google.firebase.iid.FirebaseInstanceIdReceiver"
162-->[com.google.firebase:firebase-messaging:23.0.0] AndroidManifest.xml:29:13-78
163            android:exported="true"
163-->[com.google.firebase:firebase-messaging:23.0.0] AndroidManifest.xml:30:13-36
164            android:permission="com.google.android.c2dm.permission.SEND" >
164-->[com.google.firebase:firebase-messaging:23.0.0] AndroidManifest.xml:31:13-73
165            <intent-filter>
165-->[:firebase_messaging] AndroidManifest.xml:28:13-30:29
166                <action android:name="com.google.android.c2dm.intent.RECEIVE" />
166-->[:firebase_messaging] AndroidManifest.xml:29:17-81
166-->[:firebase_messaging] AndroidManifest.xml:29:25-78
167            </intent-filter>
168        </receiver>
169        <!--
170             FirebaseMessagingService performs security checks at runtime,
171             but set to not exported to explicitly avoid allowing another app to call it.
172        -->
173        <service
173-->[com.google.firebase:firebase-messaging:23.0.0] AndroidManifest.xml:41:9-48:19
174            android:name="com.google.firebase.messaging.FirebaseMessagingService"
174-->[com.google.firebase:firebase-messaging:23.0.0] AndroidManifest.xml:42:13-82
175            android:directBootAware="true"
175-->[com.google.firebase:firebase-messaging:23.0.0] AndroidManifest.xml:43:13-43
176            android:exported="false" >
176-->[com.google.firebase:firebase-messaging:23.0.0] AndroidManifest.xml:44:13-37
177            <intent-filter android:priority="-500" >
177-->[:firebase_messaging] AndroidManifest.xml:19:13-21:29
178                <action android:name="com.google.firebase.MESSAGING_EVENT" />
178-->[:firebase_messaging] AndroidManifest.xml:20:17-78
178-->[:firebase_messaging] AndroidManifest.xml:20:25-75
179            </intent-filter>
180        </service>
181
182        <activity
182-->[com.google.firebase:firebase-auth:21.0.1] AndroidManifest.xml:27:9-44:20
183            android:name="com.google.firebase.auth.internal.GenericIdpActivity"
183-->[com.google.firebase:firebase-auth:21.0.1] AndroidManifest.xml:28:13-80
184            android:excludeFromRecents="true"
184-->[com.google.firebase:firebase-auth:21.0.1] AndroidManifest.xml:29:13-46
185            android:exported="true"
185-->[com.google.firebase:firebase-auth:21.0.1] AndroidManifest.xml:30:13-36
186            android:launchMode="singleTask"
186-->[com.google.firebase:firebase-auth:21.0.1] AndroidManifest.xml:31:13-44
187            android:theme="@android:style/Theme.Translucent.NoTitleBar" >
187-->[com.google.firebase:firebase-auth:21.0.1] AndroidManifest.xml:32:13-72
188            <intent-filter>
188-->[com.google.firebase:firebase-auth:21.0.1] AndroidManifest.xml:33:13-43:29
189                <action android:name="android.intent.action.VIEW" />
189-->[com.google.firebase:firebase-auth:21.0.1] AndroidManifest.xml:34:17-69
189-->[com.google.firebase:firebase-auth:21.0.1] AndroidManifest.xml:34:25-66
190
191                <category android:name="android.intent.category.DEFAULT" />
191-->[com.google.firebase:firebase-auth:21.0.1] AndroidManifest.xml:36:17-76
191-->[com.google.firebase:firebase-auth:21.0.1] AndroidManifest.xml:36:27-73
192                <category android:name="android.intent.category.BROWSABLE" />
192-->[com.google.firebase:firebase-auth:21.0.1] AndroidManifest.xml:37:17-78
192-->[com.google.firebase:firebase-auth:21.0.1] AndroidManifest.xml:37:27-75
193
194                <data
194-->[com.google.firebase:firebase-auth:21.0.1] AndroidManifest.xml:39:17-42:51
195                    android:host="firebase.auth"
195-->[com.google.firebase:firebase-auth:21.0.1] AndroidManifest.xml:40:21-49
196                    android:path="/"
196-->[com.google.firebase:firebase-auth:21.0.1] AndroidManifest.xml:41:21-37
197                    android:scheme="genericidp" />
197-->[com.google.firebase:firebase-auth:21.0.1] AndroidManifest.xml:42:21-48
198            </intent-filter>
199        </activity>
200        <activity
200-->[com.google.firebase:firebase-auth:21.0.1] AndroidManifest.xml:45:9-62:20
201            android:name="com.google.firebase.auth.internal.RecaptchaActivity"
201-->[com.google.firebase:firebase-auth:21.0.1] AndroidManifest.xml:46:13-79
202            android:excludeFromRecents="true"
202-->[com.google.firebase:firebase-auth:21.0.1] AndroidManifest.xml:47:13-46
203            android:exported="true"
203-->[com.google.firebase:firebase-auth:21.0.1] AndroidManifest.xml:48:13-36
204            android:launchMode="singleTask"
204-->[com.google.firebase:firebase-auth:21.0.1] AndroidManifest.xml:49:13-44
205            android:theme="@android:style/Theme.Translucent.NoTitleBar" >
205-->[com.google.firebase:firebase-auth:21.0.1] AndroidManifest.xml:50:13-72
206            <intent-filter>
206-->[com.google.firebase:firebase-auth:21.0.1] AndroidManifest.xml:51:13-61:29
207                <action android:name="android.intent.action.VIEW" />
207-->[com.google.firebase:firebase-auth:21.0.1] AndroidManifest.xml:34:17-69
207-->[com.google.firebase:firebase-auth:21.0.1] AndroidManifest.xml:34:25-66
208
209                <category android:name="android.intent.category.DEFAULT" />
209-->[com.google.firebase:firebase-auth:21.0.1] AndroidManifest.xml:36:17-76
209-->[com.google.firebase:firebase-auth:21.0.1] AndroidManifest.xml:36:27-73
210                <category android:name="android.intent.category.BROWSABLE" />
210-->[com.google.firebase:firebase-auth:21.0.1] AndroidManifest.xml:37:17-78
210-->[com.google.firebase:firebase-auth:21.0.1] AndroidManifest.xml:37:27-75
211
212                <data
212-->[com.google.firebase:firebase-auth:21.0.1] AndroidManifest.xml:39:17-42:51
213                    android:host="firebase.auth"
213-->[com.google.firebase:firebase-auth:21.0.1] AndroidManifest.xml:40:21-49
214                    android:path="/"
214-->[com.google.firebase:firebase-auth:21.0.1] AndroidManifest.xml:41:21-37
215                    android:scheme="recaptcha" />
215-->[com.google.firebase:firebase-auth:21.0.1] AndroidManifest.xml:42:21-48
216            </intent-filter>
217        </activity>
218
219        <service
219-->[com.google.firebase:firebase-auth:21.0.1] AndroidManifest.xml:64:9-73:19
220            android:name="com.google.firebase.auth.api.fallback.service.FirebaseAuthFallbackService"
220-->[com.google.firebase:firebase-auth:21.0.1] AndroidManifest.xml:65:13-101
221            android:enabled="true"
221-->[com.google.firebase:firebase-auth:21.0.1] AndroidManifest.xml:66:13-35
222            android:exported="false" >
222-->[com.google.firebase:firebase-auth:21.0.1] AndroidManifest.xml:67:13-37
223            <intent-filter>
223-->[com.google.firebase:firebase-auth:21.0.1] AndroidManifest.xml:68:13-72:29
224                <action android:name="com.google.firebase.auth.api.gms.service.START" />
224-->[com.google.firebase:firebase-auth:21.0.1] AndroidManifest.xml:69:17-89
224-->[com.google.firebase:firebase-auth:21.0.1] AndroidManifest.xml:69:25-86
225
226                <category android:name="android.intent.category.DEFAULT" />
226-->[com.google.firebase:firebase-auth:21.0.1] AndroidManifest.xml:36:17-76
226-->[com.google.firebase:firebase-auth:21.0.1] AndroidManifest.xml:36:27-73
227            </intent-filter>
228        </service>
229
230        <provider
230-->[com.google.firebase:firebase-common:20.0.0] AndroidManifest.xml:26:9-31:39
231            android:name="com.google.firebase.provider.FirebaseInitProvider"
231-->[com.google.firebase:firebase-common:20.0.0] AndroidManifest.xml:27:13-77
232            android:authorities="com.example.housemanager.firebaseinitprovider"
232-->[com.google.firebase:firebase-common:20.0.0] AndroidManifest.xml:28:13-72
233            android:directBootAware="true"
233-->[com.google.firebase:firebase-common:20.0.0] AndroidManifest.xml:29:13-43
234            android:exported="false"
234-->[com.google.firebase:firebase-common:20.0.0] AndroidManifest.xml:30:13-37
235            android:initOrder="100" />
235-->[com.google.firebase:firebase-common:20.0.0] AndroidManifest.xml:31:13-36
236
237        <receiver
237-->[com.google.android.gms:play-services-measurement:20.0.2] AndroidManifest.xml:29:9-33:20
238            android:name="com.google.android.gms.measurement.AppMeasurementReceiver"
238-->[com.google.android.gms:play-services-measurement:20.0.2] AndroidManifest.xml:30:13-85
239            android:enabled="true"
239-->[com.google.android.gms:play-services-measurement:20.0.2] AndroidManifest.xml:31:13-35
240            android:exported="false" >
240-->[com.google.android.gms:play-services-measurement:20.0.2] AndroidManifest.xml:32:13-37
241        </receiver>
242
243        <service
243-->[com.google.android.gms:play-services-measurement:20.0.2] AndroidManifest.xml:35:9-38:40
244            android:name="com.google.android.gms.measurement.AppMeasurementService"
244-->[com.google.android.gms:play-services-measurement:20.0.2] AndroidManifest.xml:36:13-84
245            android:enabled="true"
245-->[com.google.android.gms:play-services-measurement:20.0.2] AndroidManifest.xml:37:13-35
246            android:exported="false" />
246-->[com.google.android.gms:play-services-measurement:20.0.2] AndroidManifest.xml:38:13-37
247        <service
247-->[com.google.android.gms:play-services-measurement:20.0.2] AndroidManifest.xml:39:9-43:72
248            android:name="com.google.android.gms.measurement.AppMeasurementJobService"
248-->[com.google.android.gms:play-services-measurement:20.0.2] AndroidManifest.xml:40:13-87
249            android:enabled="true"
249-->[com.google.android.gms:play-services-measurement:20.0.2] AndroidManifest.xml:41:13-35
250            android:exported="false"
250-->[com.google.android.gms:play-services-measurement:20.0.2] AndroidManifest.xml:42:13-37
251            android:permission="android.permission.BIND_JOB_SERVICE" />
251-->[com.google.android.gms:play-services-measurement:20.0.2] AndroidManifest.xml:43:13-69
252        <service
252-->[com.google.android.datatransport:transport-backend-cct:3.0.0] AndroidManifest.xml:29:9-35:19
253            android:name="com.google.android.datatransport.runtime.backends.TransportBackendDiscovery"
253-->[com.google.android.datatransport:transport-backend-cct:3.0.0] AndroidManifest.xml:30:13-103
254            android:exported="false" >
254-->[com.google.android.datatransport:transport-backend-cct:3.0.0] AndroidManifest.xml:31:13-37
255            <meta-data
255-->[com.google.android.datatransport:transport-backend-cct:3.0.0] AndroidManifest.xml:32:13-34:39
256                android:name="backend:com.google.android.datatransport.cct.CctBackendFactory"
256-->[com.google.android.datatransport:transport-backend-cct:3.0.0] AndroidManifest.xml:33:17-94
257                android:value="cct" />
257-->[com.google.android.datatransport:transport-backend-cct:3.0.0] AndroidManifest.xml:34:17-36
258        </service>
259        <service
259-->[com.google.android.datatransport:transport-runtime:3.0.0] AndroidManifest.xml:26:9-30:19
260            android:name="com.google.android.datatransport.runtime.scheduling.jobscheduling.JobInfoSchedulerService"
260-->[com.google.android.datatransport:transport-runtime:3.0.0] AndroidManifest.xml:27:13-117
261            android:exported="false"
261-->[com.google.android.datatransport:transport-runtime:3.0.0] AndroidManifest.xml:28:13-37
262            android:permission="android.permission.BIND_JOB_SERVICE" >
262-->[com.google.android.datatransport:transport-runtime:3.0.0] AndroidManifest.xml:29:13-69
263        </service>
264
265        <receiver
265-->[com.google.android.datatransport:transport-runtime:3.0.0] AndroidManifest.xml:32:9-34:40
266            android:name="com.google.android.datatransport.runtime.scheduling.jobscheduling.AlarmManagerSchedulerBroadcastReceiver"
266-->[com.google.android.datatransport:transport-runtime:3.0.0] AndroidManifest.xml:33:13-132
267            android:exported="false" />
267-->[com.google.android.datatransport:transport-runtime:3.0.0] AndroidManifest.xml:34:13-37
268
269        <activity
269-->[com.google.android.gms:play-services-base:17.1.0] AndroidManifest.xml:23:9-26:75
270            android:name="com.google.android.gms.common.api.GoogleApiActivity"
270-->[com.google.android.gms:play-services-base:17.1.0] AndroidManifest.xml:24:13-79
271            android:exported="false"